2023-12-19 21:12:733 INFO  HomePage :53 - Clicking on Computer [[ChromeDriver: chrome on windows (accde2315410786e0a3faa0c5095f76d)] -> xpath: //ul[@class='top-menu notmobile']//a[contains(text(),'Computers')]]<br>
2023-12-19 21:12:755 INFO  ComputerPage :40 - getting computer text  [[ChromeDriver: chrome on windows (accde2315410786e0a3faa0c5095f76d)] -> xpath: //h1[contains(text(),'Computers')]]
2023-12-19 21:12:533 INFO  HomePage :53 - Clicking on Computer [[ChromeDriver: chrome on windows (816de71e5948ca95202e9bfd6bf0974b)] -> xpath: //ul[@class='top-menu notmobile']//a[contains(text(),'Computers')]]<br>
2023-12-19 21:12:625 INFO  ComputerPage :46 - Clicking on Desktop [[ChromeDriver: chrome on windows (816de71e5948ca95202e9bfd6bf0974b)] -> xpath: //body/div[6]/div[3]/div[1]/div[3]/div[1]/div[2]/div[1]/div[1]/div[1]/div[1]/h2[1]/a[1]]
2023-12-19 21:12:483 INFO  HomePage :53 - Clicking on Computer [[ChromeDriver: chrome on windows (dd0666a51069cb5f085aa30e18470167)] -> xpath: //ul[@class='top-menu notmobile']//a[contains(text(),'Computers')]]<br>
2023-12-19 21:12:540 INFO  ComputerPage :46 - Clicking on Desktop [[ChromeDriver: chrome on windows (dd0666a51069cb5f085aa30e18470167)] -> xpath: //body/div[6]/div[3]/div[1]/div[3]/div[1]/div[2]/div[1]/div[1]/div[1]/div[1]/h2[1]/a[1]]
2023-12-19 21:12:918 INFO  BuildYourOwnComputerPage :90 - Enter email 2.2 GHz Intel Pentium Dual-Core E2200 to email field [[ChromeDriver: chrome on windows (dd0666a51069cb5f085aa30e18470167)] -> xpath: //select[@id='product_attribute_1']]<br>
2023-12-19 21:12:131 INFO  BuildYourOwnComputerPage :96 - Selecting RAM 2 GB from dropdown [[ChromeDriver: chrome on windows (dd0666a51069cb5f085aa30e18470167)] -> xpath: //select[@name='product_attribute_2']]<br>
2023-12-19 21:12:263 INFO  BuildYourOwnComputerPage :171 - Clicking on Harddrive [[ChromeDriver: chrome on windows (dd0666a51069cb5f085aa30e18470167)] -> xpath: //input[@id='product_attribute_3_7']]<br>
2023-12-19 21:12:370 INFO  BuildYourOwnComputerPage :108 - Clicking on operating system [[ChromeDriver: chrome on windows (dd0666a51069cb5f085aa30e18470167)] -> xpath: //input[@name='product_attribute_5' and @value='12']]<br>
2023-12-19 21:12:487 INFO  BuildYourOwnComputerPage :114 - Clicking on software [[ChromeDriver: chrome on windows (dd0666a51069cb5f085aa30e18470167)] -> xpath: //input[@name='product_attribute_5' and @value='12']]<br>
2023-12-19 21:12:517 INFO  BuildYourOwnComputerPage :84 - Clicking on addtocart [[ChromeDriver: chrome on windows (dd0666a51069cb5f085aa30e18470167)] -> xpath: //input[@name='product_attribute_5' and @value='12']]
2023-12-19 21:12:422 INFO  HomePage :53 - Clicking on Computer [[ChromeDriver: chrome on windows (4ca45213142811bccf2c7ea9da2d5d48)] -> xpath: //ul[@class='top-menu notmobile']//a[contains(text(),'Computers')]]<br>
2023-12-19 21:12:658 INFO  ComputerPage :46 - Clicking on Desktop [[ChromeDriver: chrome on windows (4ca45213142811bccf2c7ea9da2d5d48)] -> xpath: //body/div[6]/div[3]/div[1]/div[3]/div[1]/div[2]/div[1]/div[1]/div[1]/div[1]/h2[1]/a[1]]
2023-12-19 21:12:236 INFO  BuildYourOwnComputerPage :90 - Enter email 2.5 GHz Intel Pentium Dual-Core E2200 [+$15.00] to email field [[ChromeDriver: chrome on windows (4ca45213142811bccf2c7ea9da2d5d48)] -> xpath: //select[@id='product_attribute_1']]<br>
2023-12-19 21:12:410 INFO  BuildYourOwnComputerPage :96 - Selecting RAM 4GB [+$20.00] from dropdown [[ChromeDriver: chrome on windows (4ca45213142811bccf2c7ea9da2d5d48)] -> xpath: //select[@name='product_attribute_2']]<br>
2023-12-19 21:12:561 INFO  BuildYourOwnComputerPage :171 - Clicking on Harddrive [[ChromeDriver: chrome on windows (4ca45213142811bccf2c7ea9da2d5d48)] -> xpath: //input[@id='product_attribute_3_7']]<br>
2023-12-19 21:12:671 INFO  BuildYourOwnComputerPage :108 - Clicking on operating system [[ChromeDriver: chrome on windows (4ca45213142811bccf2c7ea9da2d5d48)] -> xpath: //input[@name='product_attribute_5' and @value='12']]<br>
2023-12-19 21:12:750 INFO  BuildYourOwnComputerPage :114 - Clicking on software [[ChromeDriver: chrome on windows (4ca45213142811bccf2c7ea9da2d5d48)] -> xpath: //input[@name='product_attribute_5' and @value='12']]<br>
2023-12-19 21:12:789 INFO  BuildYourOwnComputerPage :84 - Clicking on addtocart [[ChromeDriver: chrome on windows (4ca45213142811bccf2c7ea9da2d5d48)] -> xpath: //input[@name='product_attribute_5' and @value='12']]
2023-12-19 21:12:420 INFO  HomePage :53 - Clicking on Computer [[ChromeDriver: chrome on windows (19672d5104d89ae2ae6ed52eb194834a)] -> xpath: //ul[@class='top-menu notmobile']//a[contains(text(),'Computers')]]<br>
2023-12-19 21:12:556 INFO  ComputerPage :46 - Clicking on Desktop [[ChromeDriver: chrome on windows (19672d5104d89ae2ae6ed52eb194834a)] -> xpath: //body/div[6]/div[3]/div[1]/div[3]/div[1]/div[2]/div[1]/div[1]/div[1]/div[1]/h2[1]/a[1]]
2023-12-19 21:12:387 INFO  BuildYourOwnComputerPage :90 - Enter email 2.5 GHz Intel Pentium Dual-Core E2200 [+$15.00] to email field [[ChromeDriver: chrome on windows (19672d5104d89ae2ae6ed52eb194834a)] -> xpath: //select[@id='product_attribute_1']]<br>
2023-12-19 21:12:721 INFO  BuildYourOwnComputerPage :96 - Selecting RAM 8GB [+$60.00] from dropdown [[ChromeDriver: chrome on windows (19672d5104d89ae2ae6ed52eb194834a)] -> xpath: //select[@name='product_attribute_2']]<br>
2023-12-19 21:12:989 INFO  BuildYourOwnComputerPage :171 - Clicking on Harddrive [[ChromeDriver: chrome on windows (19672d5104d89ae2ae6ed52eb194834a)] -> xpath: //input[@id='product_attribute_3_7']]<br>
2023-12-19 21:12:87 INFO  BuildYourOwnComputerPage :108 - Clicking on operating system [[ChromeDriver: chrome on windows (19672d5104d89ae2ae6ed52eb194834a)] -> xpath: //input[@name='product_attribute_5' and @value='12']]<br>
2023-12-19 21:12:152 INFO  BuildYourOwnComputerPage :114 - Clicking on software [[ChromeDriver: chrome on windows (19672d5104d89ae2ae6ed52eb194834a)] -> xpath: //input[@name='product_attribute_5' and @value='12']]<br>
2023-12-19 21:12:165 INFO  BuildYourOwnComputerPage :84 - Clicking on addtocart [[ChromeDriver: chrome on windows (19672d5104d89ae2ae6ed52eb194834a)] -> xpath: //input[@name='product_attribute_5' and @value='12']]
2023-12-19 21:12:194 INFO  HomePage :41 - Clicking on login [[ChromeDriver: chrome on windows (82b6a2ca5d3b846f6146c53d4501539b)] -> xpath: //a[contains(text(),'Log in')]]<br>
2023-12-19 21:12:319 INFO  LoginPage :73 - getting Welcome text from [[ChromeDriver: chrome on windows (82b6a2ca5d3b846f6146c53d4501539b)] -> xpath: //h1[contains(text(),'Welcome, Please Sign In!')]]
2023-12-19 21:12:320 INFO  LoginPage :74 - getting error message text from [[ChromeDriver: chrome on windows (82b6a2ca5d3b846f6146c53d4501539b)] -> xpath: //h1[contains(text(),'Welcome, Please Sign In!')]]
2023-12-19 21:12:911 INFO  HomePage :41 - Clicking on login [[ChromeDriver: chrome on windows (63fe49baf9d6ddba0dc45895501ef10c)] -> xpath: //a[contains(text(),'Log in')]]<br>
2023-12-19 21:12:986 INFO  LoginPage :73 - getting Welcome text from [[ChromeDriver: chrome on windows (63fe49baf9d6ddba0dc45895501ef10c)] -> xpath: //h1[contains(text(),'Welcome, Please Sign In!')]]
2023-12-19 21:12:987 INFO  LoginPage :74 - getting error message text from [[ChromeDriver: chrome on windows (63fe49baf9d6ddba0dc45895501ef10c)] -> xpath: //h1[contains(text(),'Welcome, Please Sign In!')]]
2023-12-19 21:12:136 INFO  LoginPage :52 - Enter email iamslk@gmail.com to email field [[ChromeDriver: chrome on windows (63fe49baf9d6ddba0dc45895501ef10c)] -> xpath: //input[@id='Email']]
2023-12-19 21:12:252 INFO  LoginPage :57 - Enter password : 654321 to email field [[ChromeDriver: chrome on windows (63fe49baf9d6ddba0dc45895501ef10c)] -> xpath: //input[@id='Password']]
2023-12-19 21:12:725 INFO  LoginPage :62 - Clicking on login [[ChromeDriver: chrome on windows (63fe49baf9d6ddba0dc45895501ef10c)] -> xpath: //button[contains(text(),'Log in')]]
2023-12-19 21:12:770 INFO  LoginPage :46 - getting error message text from [[ChromeDriver: chrome on windows (63fe49baf9d6ddba0dc45895501ef10c)] -> xpath: //h1[contains(text(),'Welcome, Please Sign In!')]]
2023-12-19 21:12:835 INFO  LoginPage :67 - getting Login text from [[ChromeDriver: chrome on windows (63fe49baf9d6ddba0dc45895501ef10c)] -> xpath: //div[@class='message-error validation-summary-errors']]
2023-12-19 21:12:221 INFO  HomePage :41 - Clicking on login [[ChromeDriver: chrome on windows (f7ddd8a040e6db32ad4097946a248a5e)] -> xpath: //a[contains(text(),'Log in')]]<br>
2023-12-19 21:12:285 INFO  LoginPage :73 - getting Welcome text from [[ChromeDriver: chrome on windows (f7ddd8a040e6db32ad4097946a248a5e)] -> xpath: //h1[contains(text(),'Welcome, Please Sign In!')]]
2023-12-19 21:12:286 INFO  LoginPage :74 - getting error message text from [[ChromeDriver: chrome on windows (f7ddd8a040e6db32ad4097946a248a5e)] -> xpath: //h1[contains(text(),'Welcome, Please Sign In!')]]
2023-12-19 21:12:417 INFO  LoginPage :52 - Enter email iamslk@gmail.com to email field [[ChromeDriver: chrome on windows (f7ddd8a040e6db32ad4097946a248a5e)] -> xpath: //input[@id='Email']]
2023-12-19 21:12:522 INFO  LoginPage :57 - Enter password : 123456 to email field [[ChromeDriver: chrome on windows (f7ddd8a040e6db32ad4097946a248a5e)] -> xpath: //input[@id='Password']]
2023-12-19 21:12:965 INFO  LoginPage :62 - Clicking on login [[ChromeDriver: chrome on windows (f7ddd8a040e6db32ad4097946a248a5e)] -> xpath: //button[contains(text(),'Log in')]]
2023-12-19 21:12:999 INFO  HomePage :58 - getting Logout text Proxy element for: DefaultElementLocator 'By.xpath: //a[contains(text(),'Log out')]'<br>
2023-12-19 21:12:133 INFO  HomePage :41 - Clicking on login [[ChromeDriver: chrome on windows (24b5132c7d203d5bef7e23c91c392d7b)] -> xpath: //a[contains(text(),'Log in')]]<br>
2023-12-19 21:12:228 INFO  LoginPage :73 - getting Welcome text from [[ChromeDriver: chrome on windows (24b5132c7d203d5bef7e23c91c392d7b)] -> xpath: //h1[contains(text(),'Welcome, Please Sign In!')]]
2023-12-19 21:12:230 INFO  LoginPage :74 - getting error message text from [[ChromeDriver: chrome on windows (24b5132c7d203d5bef7e23c91c392d7b)] -> xpath: //h1[contains(text(),'Welcome, Please Sign In!')]]
2023-12-19 21:12:440 INFO  LoginPage :52 - Enter email iamslk@gmail.com to email field [[ChromeDriver: chrome on windows (24b5132c7d203d5bef7e23c91c392d7b)] -> xpath: //input[@id='Email']]
2023-12-19 21:12:556 INFO  LoginPage :57 - Enter password : 123456 to email field [[ChromeDriver: chrome on windows (24b5132c7d203d5bef7e23c91c392d7b)] -> xpath: //input[@id='Password']]
2023-12-19 21:12:28 INFO  LoginPage :62 - Clicking on login [[ChromeDriver: chrome on windows (24b5132c7d203d5bef7e23c91c392d7b)] -> xpath: //button[contains(text(),'Log in')]]
2023-12-19 21:12:116 INFO  LoginPage :79 - Clicking on logout [[ChromeDriver: chrome on windows (24b5132c7d203d5bef7e23c91c392d7b)] -> xpath: //button[contains(text(),'Log in')]]
2023-12-19 21:12:817 INFO  HomePage :47 - Clicking on RegisterLink [[ChromeDriver: chrome on windows (046d581f00418376aa1557c2ecd03ae7)] -> link text: Register]<br>
2023-12-19 21:12:820 INFO  HomePage :47 - Clicking on RegisterLink [[ChromeDriver: chrome on windows (e8077f186df28b193b29638ccbf752d7)] -> link text: Register]<br>
2023-12-19 21:12:27 INFO  RegisterPage :184 - Clicking on Register [[ChromeDriver: chrome on windows (e8077f186df28b193b29638ccbf752d7)] -> xpath: //button[contains(text(),'Register')]]
2023-12-19 21:12:348 INFO  RegisterPage :121 - getting Lastname  text  [[ChromeDriver: chrome on windows (e8077f186df28b193b29638ccbf752d7)] -> xpath: //span[@id='LastName-error']]
2023-12-19 21:12:437 INFO  RegisterPage :127 - getting Email field text  [[ChromeDriver: chrome on windows (e8077f186df28b193b29638ccbf752d7)] -> xpath: //span[@id='Email-error']]
2023-12-19 21:12:492 INFO  RegisterPage :133 - getting Password text  [[ChromeDriver: chrome on windows (e8077f186df28b193b29638ccbf752d7)] -> xpath: //span[@id='Password-error']]
2023-12-19 21:12:537 INFO  RegisterPage :139 - getting reconfirmation of password text  [[ChromeDriver: chrome on windows (e8077f186df28b193b29638ccbf752d7)] -> xpath: //span[@id='Password-error']]
2023-12-19 21:12:816 INFO  HomePage :47 - Clicking on RegisterLink [[ChromeDriver: chrome on windows (0fcc58023d6884ebb011df6201bb646a)] -> link text: Register]<br>
2023-12-19 21:12:878 INFO  RegisterPage :108 - Enter emailKishore to email field [[ChromeDriver: chrome on windows (0fcc58023d6884ebb011df6201bb646a)] -> xpath: //input[@id='FirstName']]
2023-12-19 21:12:05 INFO  RegisterPage :145 - Enter lastname Sana to email field [[ChromeDriver: chrome on windows (0fcc58023d6884ebb011df6201bb646a)] -> xpath: //input[@id='LastName']]
2023-12-19 21:12:145 INFO  RegisterPage :151 - Selecting date of birth 10 from dropdown [[ChromeDriver: chrome on windows (0fcc58023d6884ebb011df6201bb646a)] -> xpath: //body/div[6]/div[3]/div[1]/div[1]/div[1]/div[2]/form[1]/div[1]/div[2]/div[4]/div[1]/select[1]]
2023-12-19 21:12:285 INFO  RegisterPage :156 - Selecting month of birth May from dropdown [[ChromeDriver: chrome on windows (0fcc58023d6884ebb011df6201bb646a)] -> xpath: //body/div[6]/div[3]/div[1]/div[1]/div[1]/div[2]/form[1]/div[1]/div[2]/div[4]/div[1]/select[2]]
2023-12-19 21:12:408 INFO  RegisterPage :162 - Selecting year of birth 1981 from dropdown [[ChromeDriver: chrome on windows (0fcc58023d6884ebb011df6201bb646a)] -> xpath: //body/div[6]/div[3]/div[1]/div[1]/div[1]/div[2]/form[1]/div[1]/div[2]/div[4]/div[1]/select[3]]
2023-12-19 21:12:513 INFO  RegisterPage :168 - Enter email iamslk8Wh@gmail.com to email field [[ChromeDriver: chrome on windows (0fcc58023d6884ebb011df6201bb646a)] -> xpath: //input[@type='email' and @name='Email']]
2023-12-19 21:12:651 INFO  RegisterPage :174 - Enter password 123456 to email field [[ChromeDriver: chrome on windows (0fcc58023d6884ebb011df6201bb646a)] -> xpath: //input[@id='Password']]
2023-12-19 21:12:744 INFO  RegisterPage :179 - Enter confirm password 123456 to email field [[ChromeDriver: chrome on windows (0fcc58023d6884ebb011df6201bb646a)] -> xpath: //input[@name='ConfirmPassword']]
2023-12-19 21:12:836 INFO  RegisterPage :184 - Clicking on Register [[ChromeDriver: chrome on windows (0fcc58023d6884ebb011df6201bb646a)] -> xpath: //button[contains(text(),'Register')]]
2023-12-19 21:12:515 INFO  RegisterPage :190 - getting registration completed text  [[ChromeDriver: chrome on windows (0fcc58023d6884ebb011df6201bb646a)] -> xpath: //div[contains(text(),'Your registration completed')]]<br>
